  Block.cpp
c:\이민우\leeminwoo\지뢰찾기\지뢰찾기\mapdraw.h(17): warning C4838: 'int'에서 'SHORT'(으)로의 변환에는 축소 변환이 필요합니다.
  BlockManager.cpp
c:\이민우\leeminwoo\지뢰찾기\지뢰찾기\mapdraw.h(17): warning C4838: 'int'에서 'SHORT'(으)로의 변환에는 축소 변환이 필요합니다.
c:\이민우\leeminwoo\지뢰찾기\지뢰찾기\blockmanager.cpp(7): warning C4244: '인수': 'time_t'에서 'unsigned int'(으)로 변환하면서 데이터가 손실될 수 있습니다.
  Game.cpp
c:\이민우\leeminwoo\지뢰찾기\지뢰찾기\mapdraw.h(17): warning C4838: 'int'에서 'SHORT'(으)로의 변환에는 축소 변환이 필요합니다.
c:\이민우\leeminwoo\지뢰찾기\지뢰찾기\game.cpp(14): warning C4996: 'getch': The POSIX name for this item is deprecated. Instead, use the ISO C and C++ conformant name: _getch. See online help for details.
  c:\program files (x86)\windows kits\10\include\10.0.17763.0\ucrt\conio.h(453): note: 'getch' 선언을 참조하십시오.
c:\이민우\leeminwoo\지뢰찾기\지뢰찾기\game.cpp(54): warning C4996: 'kbhit': The POSIX name for this item is deprecated. Instead, use the ISO C and C++ conformant name: _kbhit. See online help for details.
  c:\program files (x86)\windows kits\10\include\10.0.17763.0\ucrt\conio.h(459): note: 'kbhit' 선언을 참조하십시오.
c:\이민우\leeminwoo\지뢰찾기\지뢰찾기\game.cpp(57): warning C4996: 'getch': The POSIX name for this item is deprecated. Instead, use the ISO C and C++ conformant name: _getch. See online help for details.
  c:\program files (x86)\windows kits\10\include\10.0.17763.0\ucrt\conio.h(453): note: 'getch' 선언을 참조하십시오.
  MapDraw.cpp
c:\이민우\leeminwoo\지뢰찾기\지뢰찾기\mapdraw.h(17): warning C4838: 'int'에서 'SHORT'(으)로의 변환에는 축소 변환이 필요합니다.
c:\이민우\leeminwoo\지뢰찾기\지뢰찾기\mapdraw.cpp(26): warning C4018: '>': signed 또는 unsigned가 일치하지 않습니다.
c:\이민우\leeminwoo\지뢰찾기\지뢰찾기\mapdraw.cpp(36): warning C4018: '>': signed 또는 unsigned가 일치하지 않습니다.
  Sorce.cpp
c:\이민우\leeminwoo\지뢰찾기\지뢰찾기\mapdraw.h(17): warning C4838: 'int'에서 'SHORT'(으)로의 변환에는 축소 변환이 필요합니다.
c:\이민우\leeminwoo\지뢰찾기\지뢰찾기\sorce.cpp(4): warning C4326: 'main'의 반환 형식이 'int'이어야 하는데 'void'입니다.
  코드를 생성하고 있습니다...
  지뢰찾기.vcxproj -> C:\이민우\Leeminwoo\지뢰찾기\Debug\지뢰찾기.exe
